<?xml version="1.0" encoding="UTF-8"?>
<!-- Generated by org.testng.reporters.JUnitXMLReporter -->
<testsuite hostname="MASHEEN-8QD614O" ignored="0" name="Default test" tests="11" failures="0" timestamp="14 авг 2018 00:54:05 GMT" time="0.254" errors="0">
  <testcase name="Page_CompareLabels_Test" time="0.018" classname="edu.pht.collections.entity.PageCompareLabelsParamTest"/>
  <testcase name="Page_CompareLabels_Test" time="0.004" classname="edu.pht.collections.entity.PageCompareLabelsParamTest"/>
  <testcase name="Page_CompareLabels_Test" time="0.007" classname="edu.pht.collections.entity.PageCompareLabelsParamTest"/>
  <testcase name="Page_CompareLabels_Test" time="0.006" classname="edu.pht.collections.entity.PageCompareLabelsParamTest"/>
  <testcase name="Page_CompareLabels_Test" time="0.006" classname="edu.pht.collections.entity.PageCompareLabelsParamTest"/>
  <testcase name="Page_CompareLabels_Test" time="0.011" classname="edu.pht.collections.entity.PageCompareLabelsParamTest"/>
  <testcase name="Page_CompareLabels_Test" time="0.008" classname="edu.pht.collections.entity.PageCompareLabelsParamTest"/>
  <testcase name="Page_CompareLabels_Test" time="0.007" classname="edu.pht.collections.entity.PageCompareLabelsParamTest"/>
  <testcase name="Page_CompareLabels_Test" time="0.003" classname="edu.pht.collections.entity.PageCompareLabelsParamTest"/>
  <testcase name="Page_CompareLabels_Test" time="0.017" classname="edu.pht.collections.entity.PageCompareLabelsParamTest"/>
  <testcase name="Page_CompareLabels_Test" time="0.003" classname="edu.pht.collections.entity.PageCompareLabelsParamTest"/>
</testsuite> <!-- Default test -->
