<?xml version="1.0" encoding="UTF-8"?>
<!-- Generated by org.testng.reporters.JUnitXMLReporter -->
<testsuite hostname="MASHEEN-8QD614O" ignored="0" name="Default test" tests="12" failures="0" timestamp="11 сен 2018 18:52:52 GMT" time="483.075" errors="0">
  <testcase name="feature" time="67.463" classname="cucumber.api.testng.AbstractTestNGCucumberTests"/>
  <testcase name="feature" time="80.631" classname="cucumber.api.testng.AbstractTestNGCucumberTests"/>
  <testcase name="feature" time="52.475" classname="cucumber.api.testng.AbstractTestNGCucumberTests"/>
  <testcase name="feature" time="32.712" classname="cucumber.api.testng.AbstractTestNGCucumberTests"/>
  <testcase name="feature" time="29.76" classname="cucumber.api.testng.AbstractTestNGCucumberTests"/>
  <testcase name="feature" time="27.592" classname="cucumber.api.testng.AbstractTestNGCucumberTests"/>
  <testcase name="feature" time="0.147" classname="cucumber.api.testng.AbstractTestNGCucumberTests"/>
  <testcase name="feature" time="99.581" classname="cucumber.api.testng.AbstractTestNGCucumberTests"/>
  <testcase name="feature" time="26.768" classname="cucumber.api.testng.AbstractTestNGCucumberTests"/>
  <testcase name="feature" time="24.439" classname="cucumber.api.testng.AbstractTestNGCucumberTests"/>
  <testcase name="feature" time="37.689" classname="cucumber.api.testng.AbstractTestNGCucumberTests"/>
  <testcase name="feature" time="0.147" classname="cucumber.api.testng.AbstractTestNGCucumberTests"/>
</testsuite> <!-- Default test -->
