<?xml version="1.0" encoding="UTF-8"?>
<!-- Generated by org.testng.reporters.JUnitXMLReporter -->
<testsuite hostname="MASHEEN-8QD614O" ignored="0" name="Default test" tests="6" failures="0" timestamp="13 авг 2018 00:32:14 GMT" time="0.203" errors="0">
  <testcase name="Page_AddAllLabels_Test" time="0.016" classname="edu.pht.collections.testng.PageAddAllLabelsParamTest"/>
  <testcase name="Page_AddAllLabels_Test" time="0.015" classname="edu.pht.collections.testng.PageAddAllLabelsParamTest"/>
  <testcase name="Page_AddAllLabels_Test" time="0.0" classname="edu.pht.collections.testng.PageAddAllLabelsParamTest"/>
  <testcase name="Page_AddAllLabels_Test" time="0.0" classname="edu.pht.collections.testng.PageAddAllLabelsParamTest"/>
  <testcase name="Page_AddAllLabels_Test" time="0.0" classname="edu.pht.collections.testng.PageAddAllLabelsParamTest"/>
  <testcase name="Page_AddAllLabels_Test" time="0.0" classname="edu.pht.collections.testng.PageAddAllLabelsParamTest"/>
</testsuite> <!-- Default test -->
