<?xml version="1.0" encoding="UTF-8"?>
<testng-results skipped="0" failed="0" ignored="0" total="1" passed="1">
  <reporter-output>
  </reporter-output>
  <suite name="Default suite" duration-ms="106039" started-at="2018-09-06T23:36:40Z" finished-at="2018-09-06T23:38:26Z">
    <groups>
      <group name="cucumber">
        <method signature="AbstractTestNGCucumberTests.feature(cucumber.api.testng.CucumberFeatureWrapper)[pri:0, instance:edu.pht.cucumberjunit.steps.CucumberJvmTest@2042ccce]" name="feature" class="cucumber.api.testng.AbstractTestNGCucumberTests"/>
      </group> <!-- cucumber -->
    </groups>
    <test name="Default test" duration-ms="106039" started-at="2018-09-06T23:36:40Z" finished-at="2018-09-06T23:38:26Z">
      <class name="edu.pht.cucumberjunit.steps.CucumberJvmTest">
        <test-method status="PASS" signature="setUpClass()[pri:0, instance:edu.pht.cucumberjunit.steps.CucumberJvmTest@2042ccce]" name="setUpClass" is-config="true" duration-ms="2709" started-at="2018-09-07T02:36:41Z" finished-at="2018-09-07T02:36:43Z">
          <reporter-output>
          </reporter-output>
        </test-method> <!-- setUpClass -->
        <test-method status="PASS" signature="feature(cucumber.api.testng.CucumberFeatureWrapper)[pri:0, instance:edu.pht.cucumberjunit.steps.CucumberJvmTest@2042ccce]" name="feature" duration-ms="102618" started-at="2018-09-07T02:36:44Z" description="Runs Cucumber Feature" data-provider="features" finished-at="2018-09-07T02:38:26Z">
          <params>
            <param index="0">
              <value>
                <![CDATA[Testing the creation of a letter for the group of people with data from DB]]>
              </value>
            </param>
          </params>
          <reporter-output>
          </reporter-output>
        </test-method> <!-- feature -->
        <test-method status="PASS" signature="tearDownClass()[pri:0, instance:edu.pht.cucumberjunit.steps.CucumberJvmTest@2042ccce]" name="tearDownClass" is-config="true" duration-ms="39" started-at="2018-09-07T02:38:26Z" finished-at="2018-09-07T02:38:26Z">
          <reporter-output>
          </reporter-output>
        </test-method> <!-- tearDownClass -->
      </class> <!-- edu.pht.cucumberjunit.steps.CucumberJvmTest -->
    </test> <!-- Default test -->
  </suite> <!-- Default suite -->
</testng-results>
