<?xml version="1.0" encoding="UTF-8"?>
<!-- Generated by org.testng.reporters.JUnitXMLReporter -->
<testsuite hostname="MASHEEN-8QD614O" ignored="1" name="Main Test Group" tests="37" failures="0" timestamp="14 авг 2018 00:24:05 GMT" time="0.448" errors="0">
  <testcase name="Page_AddAllLabels_Test" time="0.012" classname="edu.pht.collections.entity.PageAddAllLabelsParamTest"/>
  <testcase name="Page_AddAllLabels_Test" time="0.003" classname="edu.pht.collections.entity.PageAddAllLabelsParamTest"/>
  <testcase name="Page_AddAllLabels_Test" time="0.002" classname="edu.pht.collections.entity.PageAddAllLabelsParamTest"/>
  <testcase name="Page_AddAllLabels_Test" time="0.009" classname="edu.pht.collections.entity.PageAddAllLabelsParamTest"/>
  <testcase name="Page_AddAllLabels_Test" time="0.005" classname="edu.pht.collections.entity.PageAddAllLabelsParamTest"/>
  <testcase name="Page_AddAllLabels_Test" time="0.007" classname="edu.pht.collections.entity.PageAddAllLabelsParamTest"/>
  <testcase name="Page_CompareLabels_Test" time="0.003" classname="edu.pht.collections.entity.PageCompareLabelsParamTest"/>
  <testcase name="Page_CompareLabels_Test" time="0.002" classname="edu.pht.collections.entity.PageCompareLabelsParamTest"/>
  <testcase name="Page_CompareLabels_Test" time="0.001" classname="edu.pht.collections.entity.PageCompareLabelsParamTest"/>
  <testcase name="Page_CompareLabels_Test" time="0.005" classname="edu.pht.collections.entity.PageCompareLabelsParamTest"/>
  <testcase name="Page_CompareLabels_Test" time="0.001" classname="edu.pht.collections.entity.PageCompareLabelsParamTest"/>
  <testcase name="Page_CompareLabels_Test" time="0.003" classname="edu.pht.collections.entity.PageCompareLabelsParamTest"/>
  <testcase name="Page_CompareLabels_Test" time="0.001" classname="edu.pht.collections.entity.PageCompareLabelsParamTest"/>
  <testcase name="Page_CompareLabels_Test" time="0.003" classname="edu.pht.collections.entity.PageCompareLabelsParamTest"/>
  <testcase name="Page_CompareLabels_Test" time="0.001" classname="edu.pht.collections.entity.PageCompareLabelsParamTest"/>
  <testcase name="Page_CompareLabels_Test" time="0.001" classname="edu.pht.collections.entity.PageCompareLabelsParamTest"/>
  <testcase name="Page_CompareLabels_Test" time="0.001" classname="edu.pht.collections.entity.PageCompareLabelsParamTest"/>
  <testcase name="Page_ContainsButton_Test" time="0.001" classname="edu.pht.collections.entity.PageContainsButtonParamTest"/>
  <testcase name="Page_ContainsButton_Test" time="0.002" classname="edu.pht.collections.entity.PageContainsButtonParamTest"/>
  <testcase name="Page_ContainsButton_Test" time="0.008" classname="edu.pht.collections.entity.PageContainsButtonParamTest"/>
  <testcase name="Page_ContainsButton_Test" time="0.001" classname="edu.pht.collections.entity.PageContainsButtonParamTest"/>
  <testcase name="Page_ContainsButton_Test" time="0.001" classname="edu.pht.collections.entity.PageContainsButtonParamTest"/>
  <testcase name="Page_ContainsButton_Test" time="0.001" classname="edu.pht.collections.entity.PageContainsButtonParamTest"/>
  <testcase name="test_GetThirdElement" time="0.016" classname="edu.pht.collections.entity.PageGetElementsDropdownTest"/>
  <testcase name="test_GetThirdElement" time="0.002" classname="edu.pht.collections.entity.PageGetElementsDropdownTest"/>
  <testcase name="test_CompareLabels_Equals" time="0.001" classname="edu.pht.collections.entity.PageMethodsTest"/>
  <testcase name="test_CompareLabels_Not_Equals" time="0.002" classname="edu.pht.collections.entity.PageMethodsTest"/>
  <testcase name="test_GetElementsDropdown_Exception" time="0.005" classname="edu.pht.collections.entity.PageMethodsWithExceptionTest"/>
  <testcase name="test_GetElementsDropdown_Message_Exception" time="0.005" classname="edu.pht.collections.entity.PageMethodsWithExceptionTest"/>
  <testcase name="test_GetFirstField" time="0.002" classname="edu.pht.collections.entity.PageMethodsWithExceptionTest"/>
  <testcase name="test_GetFirstField_Exception" time="0.001" classname="edu.pht.collections.entity.PageMethodsWithExceptionTest"/>
  <testcase name="test_GetFirstField_Message_Exception" time="0.002" classname="edu.pht.collections.entity.PageMethodsWithExceptionTest"/>
  <testcase name="test_GetLastField" time="0.001" classname="edu.pht.collections.entity.PageMethodsWithExceptionTest"/>
  <testcase name="test_GetLastField_Exception" time="0.002" classname="edu.pht.collections.entity.PageMethodsWithExceptionTest"/>
  <testcase name="test_GetLastField_Message_Exception" time="0.003" classname="edu.pht.collections.entity.PageMethodsWithExceptionTest"/>
  <testcase name="test_In_Exception" time="0.002" classname="edu.pht.collections.entity.PageMethodsWithExceptionTest"/>
  <testcase name="test_In_Message_Exception" time="0.001" classname="edu.pht.collections.entity.PageMethodsWithExceptionTest"/>
  <testcase name="test_Labels_Equals" time="0.0" classname="edu.pht.collections.entity.PageMethodsTest">
    <ignored/>
  </testcase> <!-- test_Labels_Equals -->
</testsuite> <!-- Main Test Group -->
