<?xml version="1.0" encoding="UTF-8"?>
<!-- Generated by org.testng.reporters.JUnitXMLReporter -->
<testsuite hostname="MASHEEN-8QD614O" ignored="0" name="Test" tests="9" failures="0" timestamp="19 авг 2018 17:32:33 GMT" time="226.472" errors="0">
  <testcase name="create_and_send_Mail_Test" time="21.802" classname="edu.pht.pageclasses.CreateMailTest"/>
  <testcase name="delete_Mail_Test" time="14.541" classname="edu.pht.pageclasses.DeleteMailTest"/>
  <testcase name="all_Icons_Present_Test" time="1.419" classname="edu.pht.pageclasses.AreIconsPresentTest"/>
  <testcase name="send_Mail_To_Group_Recivers_Test" time="27.719" classname="edu.pht.pageclasses.SendMailToGroupReciversTest"/>
  <testcase name="clean_Recycle_Bin_Test" time="15.818" classname="edu.pht.pageclasses.CleanRecycleBinTest"/>
  <testcase name="relocation_In_Spam_Test" time="12.854" classname="edu.pht.pageclasses.RelocationInSpamTest"/>
  <testcase name="mark_Three_Emails_Test" time="13.219" classname="edu.pht.pageclasses.SelectThreeEmailsTest"/>
  <testcase name="unmark_All_Flags_Test" time="13.989" classname="edu.pht.pageclasses.UnmarkAllFlagsTest"/>
  <testcase name="relocation_Out_Spam_Test" time="14.222" classname="edu.pht.pageclasses.RelocationOutSpamTest"/>
</testsuite> <!-- Test -->
