<?xml version="1.0" encoding="UTF-8"?>
<!-- Generated by org.testng.reporters.JUnitXMLReporter -->
<testsuite hostname="MASHEEN-8QD614O" ignored="1" name="Classes_For_Test" tests="25" failures="0" timestamp="13 авг 2018 01:46:11 GMT" time="0.38" errors="0">
  <testcase name="test_CompareLabels_Equals" time="0.042" classname="edu.pht.collections.testng.PageMethodsTest"/>
  <testcase name="test_CompareLabels_Not_Equals" time="0.004" classname="edu.pht.collections.testng.PageMethodsTest"/>
  <testcase name="Page_ContainsButton_Test" time="0.004" classname="edu.pht.collections.testng.PageContainsButtonParamTest"/>
  <testcase name="Page_ContainsButton_Test" time="0.002" classname="edu.pht.collections.testng.PageContainsButtonParamTest"/>
  <testcase name="Page_ContainsButton_Test" time="0.002" classname="edu.pht.collections.testng.PageContainsButtonParamTest"/>
  <testcase name="Page_ContainsButton_Test" time="0.012" classname="edu.pht.collections.testng.PageContainsButtonParamTest"/>
  <testcase name="Page_ContainsButton_Test" time="0.001" classname="edu.pht.collections.testng.PageContainsButtonParamTest"/>
  <testcase name="Page_ContainsButton_Test" time="0.002" classname="edu.pht.collections.testng.PageContainsButtonParamTest"/>
  <testcase name="Page_CompareLabels_Test" time="0.011" classname="edu.pht.collections.testng.PageCompareLabelsParamTest"/>
  <testcase name="Page_CompareLabels_Test" time="0.001" classname="edu.pht.collections.testng.PageCompareLabelsParamTest"/>
  <testcase name="Page_CompareLabels_Test" time="0.01" classname="edu.pht.collections.testng.PageCompareLabelsParamTest"/>
  <testcase name="Page_CompareLabels_Test" time="0.004" classname="edu.pht.collections.testng.PageCompareLabelsParamTest"/>
  <testcase name="Page_CompareLabels_Test" time="0.002" classname="edu.pht.collections.testng.PageCompareLabelsParamTest"/>
  <testcase name="Page_CompareLabels_Test" time="0.006" classname="edu.pht.collections.testng.PageCompareLabelsParamTest"/>
  <testcase name="Page_CompareLabels_Test" time="0.004" classname="edu.pht.collections.testng.PageCompareLabelsParamTest"/>
  <testcase name="Page_CompareLabels_Test" time="0.002" classname="edu.pht.collections.testng.PageCompareLabelsParamTest"/>
  <testcase name="Page_CompareLabels_Test" time="0.004" classname="edu.pht.collections.testng.PageCompareLabelsParamTest"/>
  <testcase name="Page_CompareLabels_Test" time="0.001" classname="edu.pht.collections.testng.PageCompareLabelsParamTest"/>
  <testcase name="Page_CompareLabels_Test" time="0.001" classname="edu.pht.collections.testng.PageCompareLabelsParamTest"/>
  <testcase name="Page_AddAllLabels_Test" time="0.003" classname="edu.pht.collections.testng.PageAddAllLabelsParamTest"/>
  <testcase name="Page_AddAllLabels_Test" time="0.002" classname="edu.pht.collections.testng.PageAddAllLabelsParamTest"/>
  <testcase name="Page_AddAllLabels_Test" time="0.002" classname="edu.pht.collections.testng.PageAddAllLabelsParamTest"/>
  <testcase name="Page_AddAllLabels_Test" time="0.002" classname="edu.pht.collections.testng.PageAddAllLabelsParamTest"/>
  <testcase name="Page_AddAllLabels_Test" time="0.002" classname="edu.pht.collections.testng.PageAddAllLabelsParamTest"/>
  <testcase name="Page_AddAllLabels_Test" time="0.002" classname="edu.pht.collections.testng.PageAddAllLabelsParamTest"/>
  <testcase name="test_Labels_Equals" time="0.0" classname="edu.pht.collections.testng.PageMethodsTest">
    <ignored/>
  </testcase> <!-- test_Labels_Equals -->
</testsuite> <!-- Classes_For_Test -->
