<?xml version="1.0" encoding="UTF-8"?>
<!-- Generated by org.testng.reporters.JUnitXMLReporter -->
<testsuite hostname="MASHEEN-8QD614O" ignored="1" name="Packages_For_Test" tests="25" failures="25" timestamp="13 авг 2018 00:36:52 GMT" time="2.777" errors="0">
  <testcase name="Page_AddAllLabels_Test" time="0.172" classname="edu.pht.collections.testng.PageAddAllLabelsParamTest">
    <failure type="java.lang.NullPointerException">
      <![CDATA[java.lang.NullPointerException
at edu.pht.collections.testng.PageAddAllLabelsParamTest.Page_AddAllLabels_Test(PageAddAllLabelsParamTest.java:27)
... Removed 25 stack frames]]>
    </failure>
  </testcase> <!-- Page_AddAllLabels_Test -->
  <testcase name="Page_AddAllLabels_Test" time="0.016" classname="edu.pht.collections.testng.PageAddAllLabelsParamTest">
    <failure type="java.lang.NullPointerException">
      <![CDATA[java.lang.NullPointerException
at edu.pht.collections.testng.PageAddAllLabelsParamTest.Page_AddAllLabels_Test(PageAddAllLabelsParamTest.java:27)
... Removed 25 stack frames]]>
    </failure>
  </testcase> <!-- Page_AddAllLabels_Test -->
  <testcase name="Page_AddAllLabels_Test" time="0.0" classname="edu.pht.collections.testng.PageAddAllLabelsParamTest">
    <failure type="java.lang.NullPointerException">
      <![CDATA[java.lang.NullPointerException
at edu.pht.collections.testng.PageAddAllLabelsParamTest.Page_AddAllLabels_Test(PageAddAllLabelsParamTest.java:27)
... Removed 25 stack frames]]>
    </failure>
  </testcase> <!-- Page_AddAllLabels_Test -->
  <testcase name="Page_AddAllLabels_Test" time="0.015" classname="edu.pht.collections.testng.PageAddAllLabelsParamTest">
    <failure type="java.lang.NullPointerException">
      <![CDATA[java.lang.NullPointerException
at edu.pht.collections.testng.PageAddAllLabelsParamTest.Page_AddAllLabels_Test(PageAddAllLabelsParamTest.java:27)
... Removed 25 stack frames]]>
    </failure>
  </testcase> <!-- Page_AddAllLabels_Test -->
  <testcase name="Page_AddAllLabels_Test" time="0.0" classname="edu.pht.collections.testng.PageAddAllLabelsParamTest">
    <failure type="java.lang.NullPointerException">
      <![CDATA[java.lang.NullPointerException
at edu.pht.collections.testng.PageAddAllLabelsParamTest.Page_AddAllLabels_Test(PageAddAllLabelsParamTest.java:27)
... Removed 25 stack frames]]>
    </failure>
  </testcase> <!-- Page_AddAllLabels_Test -->
  <testcase name="Page_AddAllLabels_Test" time="0.0" classname="edu.pht.collections.testng.PageAddAllLabelsParamTest">
    <failure type="java.lang.NullPointerException">
      <![CDATA[java.lang.NullPointerException
at edu.pht.collections.testng.PageAddAllLabelsParamTest.Page_AddAllLabels_Test(PageAddAllLabelsParamTest.java:27)
... Removed 25 stack frames]]>
    </failure>
  </testcase> <!-- Page_AddAllLabels_Test -->
  <testcase name="Page_CompareLabels_Test" time="0.0" classname="edu.pht.collections.testng.PageCompareLabelsParamTest">
    <failure type="java.lang.NullPointerException">
      <![CDATA[java.lang.NullPointerException
at edu.pht.collections.testng.PageCompareLabelsParamTest.Page_CompareLabels_Test(PageCompareLabelsParamTest.java:21)
... Removed 25 stack frames]]>
    </failure>
  </testcase> <!-- Page_CompareLabels_Test -->
  <testcase name="Page_CompareLabels_Test" time="0.0" classname="edu.pht.collections.testng.PageCompareLabelsParamTest">
    <failure type="java.lang.NullPointerException">
      <![CDATA[java.lang.NullPointerException
at edu.pht.collections.testng.PageCompareLabelsParamTest.Page_CompareLabels_Test(PageCompareLabelsParamTest.java:21)
... Removed 25 stack frames]]>
    </failure>
  </testcase> <!-- Page_CompareLabels_Test -->
  <testcase name="Page_CompareLabels_Test" time="0.0" classname="edu.pht.collections.testng.PageCompareLabelsParamTest">
    <failure type="java.lang.NullPointerException">
      <![CDATA[java.lang.NullPointerException
at edu.pht.collections.testng.PageCompareLabelsParamTest.Page_CompareLabels_Test(PageCompareLabelsParamTest.java:21)
... Removed 25 stack frames]]>
    </failure>
  </testcase> <!-- Page_CompareLabels_Test -->
  <testcase name="Page_CompareLabels_Test" time="0.0" classname="edu.pht.collections.testng.PageCompareLabelsParamTest">
    <failure type="java.lang.NullPointerException">
      <![CDATA[java.lang.NullPointerException
at edu.pht.collections.testng.PageCompareLabelsParamTest.Page_CompareLabels_Test(PageCompareLabelsParamTest.java:21)
... Removed 25 stack frames]]>
    </failure>
  </testcase> <!-- Page_CompareLabels_Test -->
  <testcase name="Page_CompareLabels_Test" time="0.0" classname="edu.pht.collections.testng.PageCompareLabelsParamTest">
    <failure type="java.lang.NullPointerException">
      <![CDATA[java.lang.NullPointerException
at edu.pht.collections.testng.PageCompareLabelsParamTest.Page_CompareLabels_Test(PageCompareLabelsParamTest.java:21)
... Removed 25 stack frames]]>
    </failure>
  </testcase> <!-- Page_CompareLabels_Test -->
  <testcase name="Page_CompareLabels_Test" time="0.032" classname="edu.pht.collections.testng.PageCompareLabelsParamTest">
    <failure type="java.lang.NullPointerException">
      <![CDATA[java.lang.NullPointerException
at edu.pht.collections.testng.PageCompareLabelsParamTest.Page_CompareLabels_Test(PageCompareLabelsParamTest.java:21)
... Removed 25 stack frames]]>
    </failure>
  </testcase> <!-- Page_CompareLabels_Test -->
  <testcase name="Page_CompareLabels_Test" time="0.124" classname="edu.pht.collections.testng.PageCompareLabelsParamTest">
    <failure type="java.lang.NullPointerException">
      <![CDATA[java.lang.NullPointerException
at edu.pht.collections.testng.PageCompareLabelsParamTest.Page_CompareLabels_Test(PageCompareLabelsParamTest.java:21)
... Removed 25 stack frames]]>
    </failure>
  </testcase> <!-- Page_CompareLabels_Test -->
  <testcase name="Page_CompareLabels_Test" time="0.016" classname="edu.pht.collections.testng.PageCompareLabelsParamTest">
    <failure type="java.lang.NullPointerException">
      <![CDATA[java.lang.NullPointerException
at edu.pht.collections.testng.PageCompareLabelsParamTest.Page_CompareLabels_Test(PageCompareLabelsParamTest.java:21)
... Removed 25 stack frames]]>
    </failure>
  </testcase> <!-- Page_CompareLabels_Test -->
  <testcase name="Page_CompareLabels_Test" time="0.0" classname="edu.pht.collections.testng.PageCompareLabelsParamTest">
    <failure type="java.lang.NullPointerException">
      <![CDATA[java.lang.NullPointerException
at edu.pht.collections.testng.PageCompareLabelsParamTest.Page_CompareLabels_Test(PageCompareLabelsParamTest.java:21)
... Removed 25 stack frames]]>
    </failure>
  </testcase> <!-- Page_CompareLabels_Test -->
  <testcase name="Page_CompareLabels_Test" time="0.016" classname="edu.pht.collections.testng.PageCompareLabelsParamTest">
    <failure type="java.lang.NullPointerException">
      <![CDATA[java.lang.NullPointerException
at edu.pht.collections.testng.PageCompareLabelsParamTest.Page_CompareLabels_Test(PageCompareLabelsParamTest.java:21)
... Removed 25 stack frames]]>
    </failure>
  </testcase> <!-- Page_CompareLabels_Test -->
  <testcase name="Page_CompareLabels_Test" time="0.015" classname="edu.pht.collections.testng.PageCompareLabelsParamTest">
    <failure type="java.lang.NullPointerException">
      <![CDATA[java.lang.NullPointerException
at edu.pht.collections.testng.PageCompareLabelsParamTest.Page_CompareLabels_Test(PageCompareLabelsParamTest.java:21)
... Removed 25 stack frames]]>
    </failure>
  </testcase> <!-- Page_CompareLabels_Test -->
  <testcase name="Page_ContainsButton_Test" time="0.016" classname="edu.pht.collections.testng.PageContainsButtonParamTest">
    <failure type="java.lang.NullPointerException">
      <![CDATA[java.lang.NullPointerException
at edu.pht.collections.testng.PageContainsButtonParamTest.Page_ContainsButton_Test(PageContainsButtonParamTest.java:25)
... Removed 25 stack frames]]>
    </failure>
  </testcase> <!-- Page_ContainsButton_Test -->
  <testcase name="Page_ContainsButton_Test" time="0.0" classname="edu.pht.collections.testng.PageContainsButtonParamTest">
    <failure type="java.lang.NullPointerException">
      <![CDATA[java.lang.NullPointerException
at edu.pht.collections.testng.PageContainsButtonParamTest.Page_ContainsButton_Test(PageContainsButtonParamTest.java:25)
... Removed 25 stack frames]]>
    </failure>
  </testcase> <!-- Page_ContainsButton_Test -->
  <testcase name="Page_ContainsButton_Test" time="0.0" classname="edu.pht.collections.testng.PageContainsButtonParamTest">
    <failure type="java.lang.NullPointerException">
      <![CDATA[java.lang.NullPointerException
at edu.pht.collections.testng.PageContainsButtonParamTest.Page_ContainsButton_Test(PageContainsButtonParamTest.java:25)
... Removed 25 stack frames]]>
    </failure>
  </testcase> <!-- Page_ContainsButton_Test -->
  <testcase name="Page_ContainsButton_Test" time="0.063" classname="edu.pht.collections.testng.PageContainsButtonParamTest">
    <failure type="java.lang.NullPointerException">
      <![CDATA[java.lang.NullPointerException
at edu.pht.collections.testng.PageContainsButtonParamTest.Page_ContainsButton_Test(PageContainsButtonParamTest.java:25)
... Removed 25 stack frames]]>
    </failure>
  </testcase> <!-- Page_ContainsButton_Test -->
  <testcase name="Page_ContainsButton_Test" time="0.0" classname="edu.pht.collections.testng.PageContainsButtonParamTest">
    <failure type="java.lang.NullPointerException">
      <![CDATA[java.lang.NullPointerException
at edu.pht.collections.testng.PageContainsButtonParamTest.Page_ContainsButton_Test(PageContainsButtonParamTest.java:25)
... Removed 25 stack frames]]>
    </failure>
  </testcase> <!-- Page_ContainsButton_Test -->
  <testcase name="Page_ContainsButton_Test" time="0.015" classname="edu.pht.collections.testng.PageContainsButtonParamTest">
    <failure type="java.lang.NullPointerException">
      <![CDATA[java.lang.NullPointerException
at edu.pht.collections.testng.PageContainsButtonParamTest.Page_ContainsButton_Test(PageContainsButtonParamTest.java:25)
... Removed 25 stack frames]]>
    </failure>
  </testcase> <!-- Page_ContainsButton_Test -->
  <testcase name="test_CompareLabels_Equals" time="0.141" classname="edu.pht.collections.testng.PageMethodsTest">
    <failure type="java.lang.NullPointerException">
      <![CDATA[java.lang.NullPointerException
at edu.pht.collections.testng.PageMethodsTest.test_CompareLabels_Equals(PageMethodsTest.java:39)
... Removed 25 stack frames]]>
    </failure>
  </testcase> <!-- test_CompareLabels_Equals -->
  <testcase name="test_CompareLabels_Not_Equals" time="0.0" classname="edu.pht.collections.testng.PageMethodsTest">
    <failure type="java.lang.NullPointerException">
      <![CDATA[java.lang.NullPointerException
at edu.pht.collections.testng.PageMethodsTest.test_CompareLabels_Not_Equals(PageMethodsTest.java:21)
... Removed 25 stack frames]]>
    </failure>
  </testcase> <!-- test_CompareLabels_Not_Equals -->
  <testcase name="test_Labels_Equals" time="0.0" classname="edu.pht.collections.testng.PageMethodsTest">
    <ignored/>
  </testcase> <!-- test_Labels_Equals -->
</testsuite> <!-- Packages_For_Test -->
