<?xml version="1.0" encoding="UTF-8"?>
<!-- Generated by org.testng.reporters.JUnitXMLReporter -->
<testsuite hostname="MASHEEN-8QD614O" ignored="1" name="Classes_For_Test" tests="27" failures="0" timestamp="14 авг 2018 00:24:50 GMT" time="0.387" errors="0">
  <testcase name="Page_AddAllLabels_Test" time="0.028" classname="edu.pht.collections.entity.PageAddAllLabelsParamTest"/>
  <testcase name="Page_AddAllLabels_Test" time="0.002" classname="edu.pht.collections.entity.PageAddAllLabelsParamTest"/>
  <testcase name="Page_AddAllLabels_Test" time="0.003" classname="edu.pht.collections.entity.PageAddAllLabelsParamTest"/>
  <testcase name="Page_AddAllLabels_Test" time="0.002" classname="edu.pht.collections.entity.PageAddAllLabelsParamTest"/>
  <testcase name="Page_AddAllLabels_Test" time="0.003" classname="edu.pht.collections.entity.PageAddAllLabelsParamTest"/>
  <testcase name="Page_AddAllLabels_Test" time="0.003" classname="edu.pht.collections.entity.PageAddAllLabelsParamTest"/>
  <testcase name="Page_CompareLabels_Test" time="0.003" classname="edu.pht.collections.entity.PageCompareLabelsParamTest"/>
  <testcase name="Page_CompareLabels_Test" time="0.002" classname="edu.pht.collections.entity.PageCompareLabelsParamTest"/>
  <testcase name="Page_CompareLabels_Test" time="0.003" classname="edu.pht.collections.entity.PageCompareLabelsParamTest"/>
  <testcase name="Page_CompareLabels_Test" time="0.003" classname="edu.pht.collections.entity.PageCompareLabelsParamTest"/>
  <testcase name="Page_CompareLabels_Test" time="0.003" classname="edu.pht.collections.entity.PageCompareLabelsParamTest"/>
  <testcase name="Page_CompareLabels_Test" time="0.003" classname="edu.pht.collections.entity.PageCompareLabelsParamTest"/>
  <testcase name="Page_CompareLabels_Test" time="0.003" classname="edu.pht.collections.entity.PageCompareLabelsParamTest"/>
  <testcase name="Page_CompareLabels_Test" time="0.002" classname="edu.pht.collections.entity.PageCompareLabelsParamTest"/>
  <testcase name="Page_CompareLabels_Test" time="0.003" classname="edu.pht.collections.entity.PageCompareLabelsParamTest"/>
  <testcase name="Page_CompareLabels_Test" time="0.002" classname="edu.pht.collections.entity.PageCompareLabelsParamTest"/>
  <testcase name="Page_CompareLabels_Test" time="0.003" classname="edu.pht.collections.entity.PageCompareLabelsParamTest"/>
  <testcase name="Page_ContainsButton_Test" time="0.003" classname="edu.pht.collections.entity.PageContainsButtonParamTest"/>
  <testcase name="Page_ContainsButton_Test" time="0.002" classname="edu.pht.collections.entity.PageContainsButtonParamTest"/>
  <testcase name="Page_ContainsButton_Test" time="0.017" classname="edu.pht.collections.entity.PageContainsButtonParamTest"/>
  <testcase name="Page_ContainsButton_Test" time="0.006" classname="edu.pht.collections.entity.PageContainsButtonParamTest"/>
  <testcase name="Page_ContainsButton_Test" time="0.012" classname="edu.pht.collections.entity.PageContainsButtonParamTest"/>
  <testcase name="Page_ContainsButton_Test" time="0.001" classname="edu.pht.collections.entity.PageContainsButtonParamTest"/>
  <testcase name="test_GetThirdElement" time="0.007" classname="edu.pht.collections.entity.PageGetElementsDropdownTest"/>
  <testcase name="test_GetThirdElement" time="0.002" classname="edu.pht.collections.entity.PageGetElementsDropdownTest"/>
  <testcase name="test_CompareLabels_Equals" time="0.002" classname="edu.pht.collections.entity.PageMethodsTest"/>
  <testcase name="test_CompareLabels_Not_Equals" time="0.003" classname="edu.pht.collections.entity.PageMethodsTest"/>
  <testcase name="test_Labels_Equals" time="0.0" classname="edu.pht.collections.entity.PageMethodsTest">
    <ignored/>
  </testcase> <!-- test_Labels_Equals -->
</testsuite> <!-- Classes_For_Test -->
