<?xml version="1.0" encoding="UTF-8"?>
<!-- Generated by org.testng.reporters.JUnitXMLReporter -->
<testsuite hostname="MASHEEN-8QD614O" ignored="0" name="Test" tests="6" failures="0" timestamp="10 авг 2018 12:31:49 GMT" time="0.143" errors="0">
  <testcase name="Page_ContainsButton_Test" time="0.012" classname="edu.pht.collections.testng.PageContainsButtonParamTest"/>
  <testcase name="Page_ContainsButton_Test" time="0.002" classname="edu.pht.collections.testng.PageContainsButtonParamTest"/>
  <testcase name="Page_ContainsButton_Test" time="0.003" classname="edu.pht.collections.testng.PageContainsButtonParamTest"/>
  <testcase name="Page_ContainsButton_Test" time="0.002" classname="edu.pht.collections.testng.PageContainsButtonParamTest"/>
  <testcase name="Page_ContainsButton_Test" time="0.001" classname="edu.pht.collections.testng.PageContainsButtonParamTest"/>
  <testcase name="Page_ContainsButton_Test" time="0.002" classname="edu.pht.collections.testng.PageContainsButtonParamTest"/>
</testsuite> <!-- Test -->
