<?xml version="1.0" encoding="UTF-8"?>
<!-- Generated by org.testng.reporters.JUnitXMLReporter -->
<testsuite hostname="MASHEEN-8QD614O" ignored="2" name="TestWithExceptions" tests="1" failures="1" timestamp="13 авг 2018 22:21:26 GMT" time="0.087" errors="0">
  <testcase name="test_CompareLabels_Not_Equals" time="0.022" classname="edu.pht.collections.entity.PageMethodsTest">
    <failure type="java.lang.NullPointerException">
      <![CDATA[java.lang.NullPointerException
at edu.pht.collections.entity.PageMethodsTest.test_CompareLabels_Not_Equals(PageMethodsTest.java:21)
... Removed 25 stack frames]]>
    </failure>
  </testcase> <!-- test_CompareLabels_Not_Equals -->
  <testcase name="test_Labels_Equals" time="0.0" classname="edu.pht.collections.entity.PageMethodsTest">
    <ignored/>
  </testcase> <!-- test_Labels_Equals -->
  <testcase name="test_CompareLabels_Equals" time="0.0" classname="edu.pht.collections.entity.PageMethodsTest">
    <ignored/>
  </testcase> <!-- test_CompareLabels_Equals -->
</testsuite> <!-- TestWithExceptions -->
