<?xml version="1.0" encoding="UTF-8"?>
<!-- Generated by org.testng.reporters.JUnitXMLReporter -->
<testsuite hostname="MASHEEN-8QD614O" ignored="2" name="TestOnlyWithExceptions" tests="8" failures="0" timestamp="13 авг 2018 22:34:34 GMT" time="0.151" errors="0">
  <testcase name="test_GetElementsDropdown_Exception" time="0.01" classname="edu.pht.collections.entity.PageMethodsWithExceptionTest"/>
  <testcase name="test_GetElementsDropdown_Message_Exception" time="0.02" classname="edu.pht.collections.entity.PageMethodsWithExceptionTest"/>
  <testcase name="test_GetFirstField_Exception" time="0.002" classname="edu.pht.collections.entity.PageMethodsWithExceptionTest"/>
  <testcase name="test_GetFirstField_Message_Exception" time="0.002" classname="edu.pht.collections.entity.PageMethodsWithExceptionTest"/>
  <testcase name="test_GetLastField_Exception" time="0.003" classname="edu.pht.collections.entity.PageMethodsWithExceptionTest"/>
  <testcase name="test_GetLastField_Message_Exception" time="0.004" classname="edu.pht.collections.entity.PageMethodsWithExceptionTest"/>
  <testcase name="test_In_Exception" time="0.003" classname="edu.pht.collections.entity.PageMethodsWithExceptionTest"/>
  <testcase name="test_In_Message_Exception" time="0.002" classname="edu.pht.collections.entity.PageMethodsWithExceptionTest"/>
  <testcase name="test_GetLastField" time="0.0" classname="edu.pht.collections.entity.PageMethodsWithExceptionTest">
    <ignored/>
  </testcase> <!-- test_GetLastField -->
  <testcase name="test_GetFirstField" time="0.0" classname="edu.pht.collections.entity.PageMethodsWithExceptionTest">
    <ignored/>
  </testcase> <!-- test_GetFirstField -->
</testsuite> <!-- TestOnlyWithExceptions -->
